<?xml version="1.0" encoding="UTF-8"?>
<testsuite name="com.macbook.spring.ApplicationTests" tests="1" skipped="0" failures="0" errors="0" timestamp="2021-11-17T17:47:12" hostname="ieunchangs-MacBook-Air.local" time="0.316">
  <properties/>
  <testcase name="contextLoads()" classname="com.macbook.spring.ApplicationTests" time="0.316"/>
  <system-out><![CDATA[02:47:09.093 [Test worker] DEBUG org.springframework.test.context.BootstrapUtils - Instantiating CacheAwareContextLoaderDelegate from class [org.springframework.test.context.cache.DefaultCacheAwareContextLoaderDelegate]
02:47:09.103 [Test worker] DEBUG org.springframework.test.context.BootstrapUtils - Instantiating BootstrapContext using constructor [public org.springframework.test.context.support.DefaultBootstrapContext(java.lang.Class,org.springframework.test.context.CacheAwareContextLoaderDelegate)]
02:47:09.150 [Test worker] DEBUG org.springframework.test.context.BootstrapUtils - Instantiating TestContextBootstrapper for test class [com.macbook.spring.ApplicationTests] from class [org.springframework.boot.test.context.SpringBootTestContextBootstrapper]
02:47:09.159 [Test worker] INFO org.springframework.boot.test.context.SpringBootTestContextBootstrapper - Neither @ContextConfiguration nor @ContextHierarchy found for test class [com.macbook.spring.ApplicationTests], using SpringBootContextLoader
02:47:09.164 [Test worker] DEBUG org.springframework.test.context.support.AbstractContextLoader - Did not detect default resource location for test class [com.macbook.spring.ApplicationTests]: class path resource [com/macbook/spring/ApplicationTests-context.xml] does not exist
02:47:09.166 [Test worker] DEBUG org.springframework.test.context.support.AbstractContextLoader - Did not detect default resource location for test class [com.macbook.spring.ApplicationTests]: class path resource [com/macbook/spring/ApplicationTestsContext.groovy] does not exist
02:47:09.166 [Test worker] INFO org.springframework.test.context.support.AbstractContextLoader - Could not detect default resource locations for test class [com.macbook.spring.ApplicationTests]: no resource found for suffixes {-context.xml, Context.groovy}.
02:47:09.166 [Test worker] INFO org.springframework.test.context.support.AnnotationConfigContextLoaderUtils - Could not detect default configuration classes for test class [com.macbook.spring.ApplicationTests]: ApplicationTests does not declare any static, non-private, non-final, nested classes annotated with @Configuration.
02:47:09.214 [Test worker] DEBUG org.springframework.test.context.support.ActiveProfilesUtils - Could not find an 'annotation declaring class' for annotation type [org.springframework.test.context.ActiveProfiles] and class [com.macbook.spring.ApplicationTests]
02:47:09.329 [Test worker] DEBUG org.springframework.context.annotation.ClassPathScanningCandidateComponentProvider - Identified candidate component class: file [/Users/baejjang_i/java_project/spring/build/classes/java/main/com/macbook/spring/Application.class]
02:47:09.333 [Test worker] INFO org.springframework.boot.test.context.SpringBootTestContextBootstrapper - Found @SpringBootConfiguration com.macbook.spring.Application for test class com.macbook.spring.ApplicationTests
02:47:09.431 [Test worker] DEBUG org.springframework.boot.test.context.SpringBootTestContextBootstrapper - @TestExecutionListeners is not present for class [com.macbook.spring.ApplicationTests]: using defaults.
02:47:09.433 [Test worker] INFO org.springframework.boot.test.context.SpringBootTestContextBootstrapper - Loaded default TestExecutionListener class names from location [META-INF/spring.factories]: [org.springframework.boot.test.autoconfigure.restdocs.RestDocsTestExecutionListener, org.springframework.boot.test.autoconfigure.web.client.MockRestServiceServerResetTestExecutionListener, org.springframework.boot.test.autoconfigure.web.servlet.MockMvcPrintOnlyOnFailureTestExecutionListener, org.springframework.boot.test.autoconfigure.web.servlet.WebDriverTestExecutionListener, org.springframework.boot.test.autoconfigure.webservices.client.MockWebServiceServerTestExecutionListener, org.springframework.boot.test.mock.mockito.MockitoTestExecutionListener, org.springframework.boot.test.mock.mockito.ResetMocksTestExecutionListener, org.springframework.test.context.web.ServletTestExecutionListener, org.springframework.test.context.support.DirtiesContextBeforeModesTestExecutionListener, org.springframework.test.context.event.ApplicationEventsTestExecutionListener, org.springframework.test.context.support.DependencyInjectionTestExecutionListener, org.springframework.test.context.support.DirtiesContextTestExecutionListener, org.springframework.test.context.transaction.TransactionalTestExecutionListener, org.springframework.test.context.jdbc.SqlScriptsTestExecutionListener, org.springframework.test.context.event.EventPublishingTestExecutionListener]
02:47:09.444 [Test worker] DEBUG org.springframework.boot.test.context.SpringBootTestContextBootstrapper - Skipping candidate TestExecutionListener [org.springframework.test.context.transaction.TransactionalTestExecutionListener] due to a missing dependency. Specify custom listener classes or make the default listener classes and their required dependencies available. Offending class: [org/springframework/transaction/TransactionDefinition]
02:47:09.445 [Test worker] DEBUG org.springframework.boot.test.context.SpringBootTestContextBootstrapper - Skipping candidate TestExecutionListener [org.springframework.test.context.jdbc.SqlScriptsTestExecutionListener] due to a missing dependency. Specify custom listener classes or make the default listener classes and their required dependencies available. Offending class: [org/springframework/transaction/interceptor/TransactionAttribute]
02:47:09.445 [Test worker] INFO org.springframework.boot.test.context.SpringBootTestContextBootstrapper - Using TestExecutionListeners: [org.springframework.test.context.web.ServletTestExecutionListener@1cf2fed4, org.springframework.test.context.support.DirtiesContextBeforeModesTestExecutionListener@3af4e0bf, org.springframework.test.context.event.ApplicationEventsTestExecutionListener@245a26e1, org.springframework.boot.test.mock.mockito.MockitoTestExecutionListener@4d63b624, org.springframework.boot.test.autoconfigure.SpringBootDependencyInjectionTestExecutionListener@466cf502, org.springframework.test.context.support.DirtiesContextTestExecutionListener@5b800468, org.springframework.test.context.event.EventPublishingTestExecutionListener@2e185cd7, org.springframework.boot.test.autoconfigure.restdocs.RestDocsTestExecutionListener@7e1a1da6, org.springframework.boot.test.autoconfigure.web.client.MockRestServiceServerResetTestExecutionListener@5f7f2382, org.springframework.boot.test.autoconfigure.web.servlet.MockMvcPrintOnlyOnFailureTestExecutionListener@407cf41, org.springframework.boot.test.autoconfigure.web.servlet.WebDriverTestExecutionListener@6815c5f2, org.springframework.boot.test.autoconfigure.webservices.client.MockWebServiceServerTestExecutionListener@46cc127b, org.springframework.boot.test.mock.mockito.ResetMocksTestExecutionListener@60094a13]
02:47:09.448 [Test worker] DEBUG org.springframework.test.context.support.AbstractDirtiesContextTestExecutionListener - Before test class: context [DefaultTestContext@71f67a79 testClass = ApplicationTests, testInstance = [null], testMethod = [null], testException = [null], mergedContextConfiguration = [WebMergedContextConfiguration@3deb2326 testClass = ApplicationTests, locations = '{}', classes = '{class com.macbook.spring.Application}', contextInitializerClasses = '[]', activeProfiles = '{}', propertySourceLocations = '{}', propertySourceProperties = '{org.springframework.boot.test.context.SpringBootTestContextBootstrapper=true}', contextCustomizers = set[org.springframework.boot.test.autoconfigure.actuate.metrics.MetricsExportContextCustomizerFactory$DisableMetricExportContextCustomizer@2cc3ad05, org.springframework.boot.test.autoconfigure.properties.PropertyMappingContextCustomizer@0, org.springframework.boot.test.autoconfigure.web.servlet.WebDriverContextCustomizerFactory$Customizer@35390ee3, org.springframework.boot.test.context.filter.ExcludeFilterContextCustomizer@704f1591, org.springframework.boot.test.json.DuplicateJsonObjectContextCustomizerFactory$DuplicateJsonObjectContextCustomizer@3fb6cf60, org.springframework.boot.test.mock.mockito.MockitoContextCustomizer@0, org.springframework.boot.test.web.client.TestRestTemplateContextCustomizer@18c5069b, org.springframework.boot.test.context.SpringBootTestArgs@1, org.springframework.boot.test.context.SpringBootTestWebEnvironment@4dc27487], resourceBasePath = 'src/main/webapp', contextLoader = 'org.springframework.boot.test.context.SpringBootContextLoader', parent = [null]], attributes = map['org.springframework.test.context.web.ServletTestExecutionListener.activateListener' -> true]], class annotated with @DirtiesContext [false] with mode [null].
02:47:09.484 [Test worker] DEBUG org.springframework.test.context.support.TestPropertySourceUtils - Adding inlined properties to environment: {spring.jmx.enabled=false, org.springframework.boot.test.context.SpringBootTestContextBootstrapper=true}

  .   ____          _            __ _ _
 /\\ / ___'_ __ _ _(_)_ __  __ _ \ \ \ \
( ( )\___ | '_ | '_| | '_ \/ _` | \ \ \ \
 \\/  ___)| |_)| | | | | || (_| |  ) ) ) )
  '  |____| .__|_| |_|_| |_\__, | / / / /
 =========|_|==============|___/=/_/_/_/
 :: Spring Boot ::                (v2.5.6)

2021-11-18 02:47:10.114  INFO 2925 --- [    Test worker] com.macbook.spring.ApplicationTests      : Starting ApplicationTests using Java 11.0.11 on ieunchangs-MacBook-Air.local with PID 2925 (started by baejjang_i in /Users/baejjang_i/java_project/spring)
2021-11-18 02:47:10.128  INFO 2925 --- [    Test worker] com.macbook.spring.ApplicationTests      : No active profile set, falling back to default profiles: default
2021-11-18 02:47:12.160  INFO 2925 --- [    Test worker] o.s.b.a.w.s.WelcomePageHandlerMapping    : Adding welcome page: class path resource [static/index.html]
2021-11-18 02:47:12.465  INFO 2925 --- [    Test worker] com.macbook.spring.ApplicationTests      : Started ApplicationTests in 2.97 seconds (JVM running for 4.541)
]]></system-out>
  <system-err><![CDATA[]]></system-err>
</testsuite>
